{"C:\\Users\\flavi\\Desktop\\UNIVERSITY 2021\\Jest-Second-Lab\\functions.js": {"path":"C:\\Users\\flavi\\Desktop\\UNIVERSITY 2021\\Jest-Second-Lab\\functions.js","statementMap":{"0":{"start":{"line":1,"column":16},"end":{"line":32,"column":1}},"1":{"start":{"line":3,"column":19},"end":{"line":3,"column":28}},"2":{"start":{"line":4,"column":4},"end":{"line":4,"column":18}},"3":{"start":{"line":7,"column":18},"end":{"line":7,"column":27}},"4":{"start":{"line":8,"column":19},"end":{"line":8,"column":28}},"5":{"start":{"line":10,"column":16},"end":{"line":12,"column":6}},"6":{"start":{"line":11,"column":6},"end":{"line":11,"column":27}},"7":{"start":{"line":13,"column":4},"end":{"line":13,"column":15}},"8":{"start":{"line":16,"column":18},"end":{"line":16,"column":27}},"9":{"start":{"line":17,"column":19},"end":{"line":17,"column":28}},"10":{"start":{"line":19,"column":16},"end":{"line":21,"column":6}},"11":{"start":{"line":20,"column":6},"end":{"line":20,"column":27}},"12":{"start":{"line":22,"column":4},"end":{"line":22,"column":15}},"13":{"start":{"line":25,"column":14},"end":{"line":25,"column":66}},"14":{"start":{"line":25,"column":30},"end":{"line":25,"column":41}},"15":{"start":{"line":25,"column":60},"end":{"line":25,"column":65}},"16":{"start":{"line":26,"column":4},"end":{"line":26,"column":13}},"17":{"start":{"line":29,"column":14},"end":{"line":29,"column":22}},"18":{"start":{"line":30,"column":4},"end":{"line":30,"column":13}},"19":{"start":{"line":34,"column":0},"end":{"line":34,"column":29}}},"fnMap":{"0":{"name":"(anonymous_0)","decl":{"start":{"line":2,"column":14},"end":{"line":2,"column":15}},"loc":{"start":{"line":2,"column":20},"end":{"line":5,"column":3}},"line":2},"1":{"name":"(anonymous_1)","decl":{"start":{"line":6,"column":12},"end":{"line":6,"column":13}},"loc":{"start":{"line":6,"column":25},"end":{"line":14,"column":3}},"line":6},"2":{"name":"(anonymous_2)","decl":{"start":{"line":10,"column":26},"end":{"line":10,"column":27}},"loc":{"start":{"line":10,"column":36},"end":{"line":12,"column":5}},"line":10},"3":{"name":"(anonymous_3)","decl":{"start":{"line":15,"column":15},"end":{"line":15,"column":16}},"loc":{"start":{"line":15,"column":28},"end":{"line":23,"column":3}},"line":15},"4":{"name":"(anonymous_4)","decl":{"start":{"line":19,"column":26},"end":{"line":19,"column":27}},"loc":{"start":{"line":19,"column":36},"end":{"line":21,"column":5}},"line":19},"5":{"name":"(anonymous_5)","decl":{"start":{"line":24,"column":17},"end":{"line":24,"column":18}},"loc":{"start":{"line":24,"column":27},"end":{"line":27,"column":3}},"line":24},"6":{"name":"(anonymous_6)","decl":{"start":{"line":25,"column":20},"end":{"line":25,"column":21}},"loc":{"start":{"line":25,"column":30},"end":{"line":25,"column":41}},"line":25},"7":{"name":"(anonymous_7)","decl":{"start":{"line":25,"column":50},"end":{"line":25,"column":51}},"loc":{"start":{"line":25,"column":60},"end":{"line":25,"column":65}},"line":25},"8":{"name":"(anonymous_8)","decl":{"start":{"line":28,"column":10},"end":{"line":28,"column":11}},"loc":{"start":{"line":28,"column":17},"end":{"line":31,"column":3}},"line":28}},"branchMap":{},"s":{"0":1,"1":1,"2":1,"3":1,"4":1,"5":1,"6":3,"7":1,"8":1,"9":1,"10":1,"11":3,"12":1,"13":1,"14":3,"15":2,"16":1,"17":1,"18":1,"19":1},"f":{"0":1,"1":1,"2":3,"3":1,"4":3,"5":1,"6":3,"7":2,"8":1},"b":{},"_coverageSchema":"1a1c01bbd47fc00a2c39e90264f33305004495a9","hash":"3516f2a54bd44e4f7f5818abce802e14db1c084f"}
}
