TN:
SF:functions.js
FN:2,(anonymous_0)
FN:6,(anonymous_1)
FN:10,(anonymous_2)
FN:15,(anonymous_3)
FN:19,(anonymous_4)
FN:24,(anonymous_5)
FN:25,(anonymous_6)
FN:25,(anonymous_7)
FN:28,(anonymous_8)
FNF:9
FNH:9
FNDA:1,(anonymous_0)
FNDA:1,(anonymous_1)
FNDA:3,(anonymous_2)
FNDA:1,(anonymous_3)
FNDA:3,(anonymous_4)
FNDA:1,(anonymous_5)
FNDA:3,(anonymous_6)
FNDA:2,(anonymous_7)
FNDA:1,(anonymous_8)
DA:1,1
DA:3,1
DA:4,1
DA:7,1
DA:8,1
DA:10,1
DA:11,3
DA:13,1
DA:16,1
DA:17,1
DA:19,1
DA:20,3
DA:22,1
DA:25,3
DA:26,1
DA:29,1
DA:30,1
DA:34,1
LF:18
LH:18
BRF:0
BRH:0
end_of_record
